<?xml version="1.0" encoding="UTF-8"?>
<!-- Generated by org.testng.reporters.JUnitReportReporter -->
<testsuite skipped="0" hostname="FCPC" name="com.pom.automation.brabblerPro.homePage.TC003_verifyAddToCartForUnauthneticatedUser" tests="1" failures="0" timestamp="13 May 2018 17:31:00 GMT" time="14.806" errors="0">
  <testcase name="verifyAddToCartForUnauthneticatedUser" time="14.806" classname="com.pom.automation.brabblerPro.homePage.TC003_verifyAddToCartForUnauthneticatedUser"/>
</testsuite> <!-- com.pom.automation.brabblerPro.homePage.TC003_verifyAddToCartForUnauthneticatedUser -->
