<?xml version="1.0" encoding="UTF-8"?>
<!-- Generated by org.testng.reporters.JUnitReportReporter -->
<testsuite skipped="0" hostname="FCPC" name="com.pom.automation.brabblerPro.myAccountPage.TC001_verifyBackNavigation" tests="1" failures="0" timestamp="13 May 2018 21:02:59 GMT" time="197.890" errors="0">
  <testcase name="verifyBackNavigation" time="197.890" classname="com.pom.automation.brabblerPro.myAccountPage.TC001_verifyBackNavigation"/>
</testsuite> <!-- com.pom.automation.brabblerPro.myAccountPage.TC001_verifyBackNavigation -->
