<?xml version="1.0" encoding="UTF-8"?>
<!-- Generated by org.testng.reporters.JUnitReportReporter -->
<testsuite skipped="0" hostname="FCPC" name="com.pom.automation.brabblerPro.homePage.TC001_VerifyLoginWithInvalidCredentials" tests="1" failures="0" timestamp="13 May 2018 17:31:00 GMT" time="22.345" errors="0">
  <testcase name="VerifyLoginWithInvalidCredentials" time="22.345" classname="com.pom.automation.brabblerPro.homePage.TC001_VerifyLoginWithInvalidCredentials"/>
</testsuite> <!-- com.pom.automation.brabblerPro.homePage.TC001_VerifyLoginWithInvalidCredentials -->
