<?xml version="1.0" encoding="UTF-8"?>
<!-- Generated by org.testng.reporters.JUnitReportReporter -->
<testsuite skipped="0" hostname="FCPC" name="com.pom.automation.brabblerPro.homePage.TC003_verifyAddToCart" tests="1" failures="0" timestamp="13 May 2018 16:51:31 GMT" time="19.077" errors="0">
  <testcase name="verifyAddToCart" time="19.077" classname="com.pom.automation.brabblerPro.homePage.TC003_verifyAddToCart"/>
</testsuite> <!-- com.pom.automation.brabblerPro.homePage.TC003_verifyAddToCart -->
